<?xml version="1.0" encoding="UTF-8"?>
<testng-results skipped="0" failed="0" total="1" passed="1">
  <reporter-output>
  </reporter-output>
  <suite name="Suite" duration-ms="39927" started-at="2017-04-08T11:48:30Z" finished-at="2017-04-08T11:49:10Z">
    <groups>
    </groups>
    <test name="Test" duration-ms="39927" started-at="2017-04-08T11:48:30Z" finished-at="2017-04-08T11:49:10Z">
      <class name="TestCases.VerifyHomePage">
        <test-method status="PASS" signature="setup()[pri:0, instance:TestCases.VerifyHomePage@42d3bd8b]" name="setup" is-config="true" duration-ms="31796" started-at="2017-04-08T17:18:30Z" finished-at="2017-04-08T17:19:02Z">
          <reporter-output>
          </reporter-output>
        </test-method> <!-- setup -->
        <test-method status="PASS" signature="testhomepage()[pri:0, instance:TestCases.VerifyHomePage@42d3bd8b]" name="testhomepage" duration-ms="4952" started-at="2017-04-08T17:19:02Z" finished-at="2017-04-08T17:19:07Z">
          <reporter-output>
          </reporter-output>
        </test-method> <!-- testhomepage -->
        <test-method status="PASS" signature="teardown()[pri:0, instance:TestCases.VerifyHomePage@42d3bd8b]" name="teardown" is-config="true" duration-ms="3147" started-at="2017-04-08T17:19:07Z" finished-at="2017-04-08T17:19:10Z">
          <reporter-output>
          </reporter-output>
        </test-method> <!-- teardown -->
      </class> <!-- TestCases.VerifyHomePage -->
    </test> <!-- Test -->
  </suite> <!-- Suite -->
</testng-results>
